c:\users\pig39\onedrive\바탕 화면\ratropolis\ratropolis\debug\ratropolis.pch
c:\users\pig39\onedrive\바탕 화면\ratropolis\ratropolis\debug\vc140.pdb
c:\users\pig39\onedrive\바탕 화면\ratropolis\ratropolis\debug\vc140.idb
c:\users\pig39\onedrive\바탕 화면\ratropolis\ratropolis\debug\stdafx.obj
c:\users\pig39\onedrive\바탕 화면\ratropolis\ratropolis\debug\graphic_device.obj
c:\users\pig39\onedrive\바탕 화면\ratropolis\ratropolis\debug\keymgr.obj
c:\users\pig39\onedrive\바탕 화면\ratropolis\ratropolis\debug\maingame.obj
c:\users\pig39\onedrive\바탕 화면\ratropolis\ratropolis\debug\multitex.obj
c:\users\pig39\onedrive\바탕 화면\ratropolis\ratropolis\debug\myfont.obj
c:\users\pig39\onedrive\바탕 화면\ratropolis\ratropolis\debug\mymenu.obj
c:\users\pig39\onedrive\바탕 화면\ratropolis\ratropolis\debug\obj.obj
c:\users\pig39\onedrive\바탕 화면\ratropolis\ratropolis\debug\objmgr.obj
c:\users\pig39\onedrive\바탕 화면\ratropolis\ratropolis\debug\player.obj
c:\users\pig39\onedrive\바탕 화면\ratropolis\ratropolis\debug\ratropolis.obj
c:\users\pig39\onedrive\바탕 화면\ratropolis\ratropolis\debug\scene.obj
c:\users\pig39\onedrive\바탕 화면\ratropolis\ratropolis\debug\scenemgr.obj
c:\users\pig39\onedrive\바탕 화면\ratropolis\ratropolis\debug\scrollmgr.obj
c:\users\pig39\onedrive\바탕 화면\ratropolis\ratropolis\debug\singletex.obj
c:\users\pig39\onedrive\바탕 화면\ratropolis\ratropolis\debug\stage.obj
c:\users\pig39\onedrive\바탕 화면\ratropolis\ratropolis\debug\terrain.obj
c:\users\pig39\onedrive\바탕 화면\ratropolis\ratropolis\debug\texture.obj
c:\users\pig39\onedrive\바탕 화면\ratropolis\ratropolis\debug\texturemgr.obj
c:\users\pig39\onedrive\바탕 화면\ratropolis\ratropolis\debug\timemgr.obj
c:\users\pig39\onedrive\바탕 화면\ratropolis\ratropolis\debug\ui.obj
c:\users\pig39\onedrive\바탕 화면\ratropolis\ratropolis\debug\castle.obj
c:\users\pig39\onedrive\바탕 화면\ratropolis\ratropolis\debug\characterselect.obj
c:\users\pig39\onedrive\바탕 화면\ratropolis\ratropolis\debug\clock.obj
c:\users\pig39\onedrive\바탕 화면\ratropolis\ratropolis\debug\collision.obj
c:\users\pig39\onedrive\바탕 화면\ratropolis\ratropolis\debug\crad.obj
c:\users\pig39\onedrive\바탕 화면\ratropolis\ratropolis\debug\cradmgr.obj
c:\users\pig39\onedrive\바탕 화면\ratropolis\ratropolis\debug\framemgr.obj
c:\users\pig39\onedrive\바탕 화면\ratropolis\ratropolis\debug\errmsg.obj
c:\users\pig39\onedrive\바탕 화면\ratropolis\ratropolis\debug\cradlist.obj
c:\users\pig39\onedrive\바탕 화면\ratropolis\debug\ratropolis.ilk
c:\users\pig39\onedrive\바탕 화면\ratropolis\debug\ratropolis.exe
c:\users\pig39\onedrive\바탕 화면\ratropolis\debug\ratropolis.pdb
c:\users\pig39\onedrive\바탕 화면\ratropolis\ratropolis\debug\ratropolis.res
c:\users\pig39\onedrive\바탕 화면\ratropolis\ratropolis\debug\cradmgr.obj.enc
c:\users\pig39\onedrive\바탕 화면\ratropolis\ratropolis\debug\objmgr.obj.enc
c:\users\pig39\onedrive\바탕 화면\ratropolis\ratropolis\debug\ratropolis.tlog\cl.command.1.tlog
c:\users\pig39\onedrive\바탕 화면\ratropolis\ratropolis\debug\ratropolis.tlog\cl.read.1.tlog
c:\users\pig39\onedrive\바탕 화면\ratropolis\ratropolis\debug\ratropolis.tlog\cl.write.1.tlog
c:\users\pig39\onedrive\바탕 화면\ratropolis\ratropolis\debug\ratropolis.tlog\link.command.1.tlog
c:\users\pig39\onedrive\바탕 화면\ratropolis\ratropolis\debug\ratropolis.tlog\link.read.1.tlog
c:\users\pig39\onedrive\바탕 화면\ratropolis\ratropolis\debug\ratropolis.tlog\link.write.1.tlog
c:\users\pig39\onedrive\바탕 화면\ratropolis\ratropolis\debug\ratropolis.tlog\rc.command.1.tlog
c:\users\pig39\onedrive\바탕 화면\ratropolis\ratropolis\debug\ratropolis.tlog\rc.read.1.tlog
c:\users\pig39\onedrive\바탕 화면\ratropolis\ratropolis\debug\ratropolis.tlog\rc.write.1.tlog
